[debug] [2022-08-26T16:35:40.274Z] ----------------------------------------------------------------------
[debug] [2022-08-26T16:35:40.277Z] Command:       C:\Node Js\node.exe C:\Node Js\node_modules\firebase-tools\lib\bin\firebase.js init
[debug] [2022-08-26T16:35:40.277Z] CLI Version:   11.8.0
[debug] [2022-08-26T16:35:40.277Z] Platform:      win32
[debug] [2022-08-26T16:35:40.278Z] Node Version:  v17.8.0
[debug] [2022-08-26T16:35:40.284Z] Time:          Fri Aug 26 2022 13:35:40 GMT-0300 (hora estándar de Argentina)
[debug] [2022-08-26T16:35:40.284Z] ----------------------------------------------------------------------
[debug] 
[debug] [2022-08-26T16:35:40.299Z] >>> [apiv2][query] GET https://firebase-public.firebaseio.com/cli.json [none]
[debug] [2022-08-26T16:35:40.410Z] > command requires scopes: ["email","openid","https://www.googleapis.com/auth/cloudplatformprojects.readonly","https://www.googleapis.com/auth/firebase","https://www.googleapis.com/auth/cloud-platform"]
[debug] [2022-08-26T16:35:40.411Z] > authorizing via signed-in user (patricio.monpelat@gmail.com)
[info] 
     ######## #### ########  ######## ########     ###     ######  ########
     ##        ##  ##     ## ##       ##     ##  ##   ##  ##       ##
     ######    ##  ########  ######   ########  #########  ######  ######
     ##        ##  ##    ##  ##       ##     ## ##     ##       ## ##
     ##       #### ##     ## ######## ########  ##     ##  ######  ########

You're about to initialize a Firebase project in this directory:

  C:\Users\Patricio\source\repos\todo-app

[debug] [2022-08-26T16:35:40.892Z] <<< [apiv2][status] GET https://firebase-public.firebaseio.com/cli.json 200
[debug] [2022-08-26T16:35:40.893Z] <<< [apiv2][body] GET https://firebase-public.firebaseio.com/cli.json {"cloudBuildErrorAfter":1594252800000,"cloudBuildWarnAfter":1590019200000,"defaultNode10After":1594252800000,"minVersion":"3.0.5","node8DeploysDisabledAfter":1613390400000,"node8RuntimeDisabledAfter":1615809600000,"node8WarnAfter":1600128000000}
[info] 
=== Project Setup
[info] 
[info] First, let's associate this project directory with a Firebase project.
[info] You can create multiple project aliases by running firebase use --add, 
[info] but for now we'll just set up a default project.
[info] 
[debug] [2022-08-26T16:36:15.794Z] > refreshing access token with scopes: []
[debug] [2022-08-26T16:36:15.796Z] >>> [apiv2][query] POST https://www.googleapis.com/oauth2/v3/token [none]
[debug] [2022-08-26T16:36:15.797Z] >>> [apiv2][body] POST https://www.googleapis.com/oauth2/v3/token [omitted]
[debug] [2022-08-26T16:36:15.953Z] <<< [apiv2][status] POST https://www.googleapis.com/oauth2/v3/token 200
[debug] [2022-08-26T16:36:15.953Z] <<< [apiv2][body] POST https://www.googleapis.com/oauth2/v3/token [omitted]
[debug] [2022-08-26T16:36:15.970Z] >>> [apiv2][query] GET https://firebase.googleapis.com/v1beta1/projects pageSize=100
[debug] [2022-08-26T16:36:16.605Z] <<< [apiv2][status] GET https://firebase.googleapis.com/v1beta1/projects 200
[debug] [2022-08-26T16:36:16.605Z] <<< [apiv2][body] GET https://firebase.googleapis.com/v1beta1/projects [omitted]
[info] i  Using project todo-app-d28bb (todo-app) 
[info] 
=== Hosting Setup
[info] 
[info] Your public directory is the folder (relative to your project directory) that
[info] will contain Hosting assets to be uploaded with firebase deploy. If you
[info] have a build process for your assets, use your build's output directory.
[info] 
[debug] [2022-08-26T16:36:41.338Z] >>> [apiv2][query] GET https://www.gstatic.com/firebasejs/releases.json [none]
[debug] [2022-08-26T16:36:41.598Z] <<< [apiv2][status] GET https://www.gstatic.com/firebasejs/releases.json 200
[debug] [2022-08-26T16:36:41.598Z] <<< [apiv2][body] GET https://www.gstatic.com/firebasejs/releases.json {"current":{"version":"9.9.3","browserURL":"https://www.gstatic.com/firebasejs/9.9.3/firebase.js","packageURL":"https://www.gstatic.com/firebasejs/9.9.3/firebase.tgz"},"live":{"version":"9.9","browserURL":"https://www.gstatic.com/firebasejs/live/9.9/firebase.js","packageURL":"https://www.gstatic.com/firebasejs/live/9.9/firebase.tgz"},"components":{"analytics":"https://www.gstatic.com/firebasejs/9.9.3/firebase-analytics.js","app":"https://www.gstatic.com/firebasejs/9.9.3/firebase-app.js","app-check":"https://www.gstatic.com/firebasejs/9.9.3/firebase-app-check.js","auth":"https://www.gstatic.com/firebasejs/9.9.3/firebase-auth.js","auth/cordova":"https://www.gstatic.com/firebasejs/9.9.3/firebase-auth/cordova.js","auth/react-native":"https://www.gstatic.com/firebasejs/9.9.3/firebase-auth/react-native.js","functions":"https://www.gstatic.com/firebasejs/9.9.3/firebase-functions.js","firestore":"https://www.gstatic.com/firebasejs/9.9.3/firebase-firestore.js","firestore/lite":"https://www.gstatic.com/firebasejs/9.9.3/firebase-firestore/lite.js","installations":"https://www.gstatic.com/firebasejs/9.9.3/firebase-installations.js","storage":"https://www.gstatic.com/firebasejs/9.9.3/firebase-storage.js","performance":"https://www.gstatic.com/firebasejs/9.9.3/firebase-performance.js","remote-config":"https://www.gstatic.com/firebasejs/9.9.3/firebase-remote-config.js","messaging":"https://www.gstatic.com/firebasejs/9.9.3/firebase-messaging.js","messaging/sw":"https://www.gstatic.com/firebasejs/9.9.3/firebase-messaging/sw.js","database":"https://www.gstatic.com/firebasejs/9.9.3/firebase-database.js","firestore.memory":"https://www.gstatic.com/firebasejs/9.9.3/firebase-firestore.memory.js"}}
[info] +  Wrote build/index.html 
[info] 
[info] i  Detected a .git folder at C:\Users\Patricio\source\repos\todo-app 
[info] i  Authorizing with GitHub to upload your service account to a GitHub repository's secrets store. 
[info] 
[info] Visit this URL on this device to log in:
[info] https://github.com/login/oauth/authorize?client_id=89cf50f02ac6aaed3484&state=1017049368&redirect_uri=http%3A%2F%2Flocalhost%3A9005&scope=read%3Auser%20repo%20public_repo
[info] 
[info] Waiting for authentication...
[debug] [2022-08-26T16:37:01.839Z] >>> [apiv2][query] POST https://github.com/login/oauth/access_token [none]
[debug] [2022-08-26T16:37:01.839Z] >>> [apiv2][body] POST https://github.com/login/oauth/access_token [stream]
[debug] [2022-08-26T16:37:02.274Z] <<< [apiv2][status] POST https://github.com/login/oauth/access_token 200
[debug] [2022-08-26T16:37:02.274Z] <<< [apiv2][body] POST https://github.com/login/oauth/access_token {"access_token":"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","token_type":"bearer","scope":"read:user,repo"}
[debug] [2022-08-26T16:37:02.295Z] >>> [apiv2][query] GET https://api.github.com/user [none]
[debug] [2022-08-26T16:37:02.735Z] <<< [apiv2][status] GET https://api.github.com/user 200
[debug] [2022-08-26T16:37:02.735Z] <<< [apiv2][body] GET https://api.github.com/user {"login":"PatricioMonpelat","id":42411943,"node_id":"MDQ6VXNlcjQyNDExOTQz","avatar_url":"https://avatars.githubusercontent.com/u/42411943?v=4","gravatar_id":"","url":"https://api.github.com/users/PatricioMonpelat","html_url":"https://github.com/PatricioMonpelat","followers_url":"https://api.github.com/users/PatricioMonpelat/followers","following_url":"https://api.github.com/users/PatricioMonpelat/following{/other_user}","gists_url":"https://api.github.com/users/PatricioMonpelat/gists{/gist_id}","starred_url":"https://api.github.com/users/PatricioMonpelat/starred{/owner}{/repo}","subscriptions_url":"https://api.github.com/users/PatricioMonpelat/subscriptions","organizations_url":"https://api.github.com/users/PatricioMonpelat/orgs","repos_url":"https://api.github.com/users/PatricioMonpelat/repos","events_url":"https://api.github.com/users/PatricioMonpelat/events{/privacy}","received_events_url":"https://api.github.com/users/PatricioMonpelat/received_events","type":"User","site_admin":false,"name":"Patricio Monpelat","company":"EY - Ernst&Young","blog":"monpelat.dev","location":"Beccar, Buenos Aires, Argentina","email":null,"hireable":null,"bio":"FULL STACK DEVELOPER\r\n\r\n","twitter_username":"patomonpe","public_repos":20,"public_gists":0,"followers":7,"following":5,"created_at":"2018-08-15T13:49:48Z","updated_at":"2022-08-21T23:19:56Z","private_gists":0,"total_private_repos":0,"owned_private_repos":0,"disk_usage":77848,"collaborators":0,"two_factor_authentication":false,"plan":{"name":"free","space":976562499,"collaborators":0,"private_repos":10000}}
[info] 
[info] +  Success! Logged into GitHub as PatricioMonpelat 
[info] 
[debug] [2022-08-26T16:37:48.908Z] >>> [apiv2][query] GET https://api.github.com/repos/patriciomonpelat/todo-app/actions/secrets/public-key type=owner
[debug] [2022-08-26T16:37:49.271Z] <<< [apiv2][status] GET https://api.github.com/repos/patriciomonpelat/todo-app/actions/secrets/public-key 404
[debug] [2022-08-26T16:37:49.271Z] <<< [apiv2][body] GET https://api.github.com/repos/patriciomonpelat/todo-app/actions/secrets/public-key {"message":"Not Found","documentation_url":"https://docs.github.com/rest/reference/actions#get-a-repository-public-key"}
[debug] [2022-08-26T16:38:28.225Z] >>> [apiv2][query] GET https://api.github.com/repos/patriciomonpelat/todo-app/actions/secrets/public-key type=owner
[debug] [2022-08-26T16:38:28.563Z] <<< [apiv2][status] GET https://api.github.com/repos/patriciomonpelat/todo-app/actions/secrets/public-key 404
[debug] [2022-08-26T16:38:28.564Z] <<< [apiv2][body] GET https://api.github.com/repos/patriciomonpelat/todo-app/actions/secrets/public-key {"message":"Not Found","documentation_url":"https://docs.github.com/rest/reference/actions#get-a-repository-public-key"}
